<?xml version="1.0" encoding="UTF-8"?>
<testng-results ignored="0" total="6" passed="6" failed="0" skipped="0">
  <reporter-output>
  </reporter-output>
  <suite started-at="2025-05-09T12:40:06 IST" name="Default suite" finished-at="2025-05-09T12:40:57 IST" duration-ms="51278">
    <groups>
    </groups>
    <test started-at="2025-05-09T12:40:06 IST" name="Default test" finished-at="2025-05-09T12:40:57 IST" duration-ms="51278">
      <class name="Browser_Init.Placing_order">
        <test-method is-config="true" signature="browserInitialize()[pri:0, instance:Browser_Init.Placing_order@4e08711f]" started-at="2025-05-09T12:40:06 IST" name="browserInitialize" finished-at="2025-05-09T12:40:12 IST" duration-ms="6055" status="PASS">
          <reporter-output>
          </reporter-output>
        </test-method> <!-- browserInitialize -->
        <test-method signature="goTo()[pri:1, instance:Browser_Init.Placing_order@4e08711f]" started-at="2025-05-09T12:40:12 IST" name="goTo" finished-at="2025-05-09T12:40:15 IST" duration-ms="2882" status="PASS">
          <reporter-output>
          </reporter-output>
        </test-method> <!-- goTo -->
        <test-method signature="login()[pri:2, instance:Browser_Init.Placing_order@4e08711f]" started-at="2025-05-09T12:40:15 IST" name="login" finished-at="2025-05-09T12:40:15 IST" duration-ms="591" status="PASS">
          <reporter-output>
          </reporter-output>
        </test-method> <!-- login -->
        <test-method signature="productList()[pri:3, instance:Browser_Init.Placing_order@4e08711f]" started-at="2025-05-09T12:40:15 IST" name="productList" finished-at="2025-05-09T12:40:19 IST" duration-ms="3285" status="PASS">
          <reporter-output>
          </reporter-output>
        </test-method> <!-- productList -->
        <test-method signature="cartPage()[pri:4, instance:Browser_Init.Placing_order@4e08711f]" started-at="2025-05-09T12:40:19 IST" name="cartPage" finished-at="2025-05-09T12:40:39 IST" duration-ms="20109" status="PASS">
          <reporter-output>
          </reporter-output>
        </test-method> <!-- cartPage -->
        <test-method signature="paymentPage()[pri:5, instance:Browser_Init.Placing_order@4e08711f]" started-at="2025-05-09T12:40:39 IST" name="paymentPage" finished-at="2025-05-09T12:40:46 IST" duration-ms="7426" status="PASS">
          <reporter-output>
          </reporter-output>
        </test-method> <!-- paymentPage -->
        <test-method signature="orderpageValidation()[pri:6, instance:Browser_Init.Placing_order@4e08711f]" started-at="2025-05-09T12:40:46 IST" name="orderpageValidation" finished-at="2025-05-09T12:40:57 IST" duration-ms="10839" status="PASS">
          <reporter-output>
          </reporter-output>
        </test-method> <!-- orderpageValidation -->
      </class> <!-- Browser_Init.Placing_order -->
    </test> <!-- Default test -->
  </suite> <!-- Default suite -->
</testng-results>
